2024-06-04T16:06:10.317Z [31merror[39m: Este es un mensaje error
2024-06-04T16:06:10.318Z [90mfatal[39m: Este es un mensaje fatal
2024-06-04T16:32:11.258Z [31merror[39m: Error al obtener el carrito seleccionado
2024-06-04T16:32:44.634Z [31merror[39m: Error al obtener el carrito seleccionado
2024-06-04T16:33:00.591Z [31merror[39m: Error al obtener el carrito seleccionado
2024-06-04T16:33:39.073Z [31merror[39m: Error al obtener el carrito seleccionado
2024-06-04T16:33:41.598Z [31merror[39m: Error al obtener el carrito seleccionado
2024-06-04T16:33:48.872Z [31merror[39m: Error al obtener el carrito seleccionado
2024-06-04T16:34:22.010Z [31merror[39m: Error al obtener el carrito seleccionado
2024-06-04T16:35:24.099Z [31merror[39m: Error al obtener el carrito seleccionado
2024-06-04T16:47:13.799Z [31merror[39m: Error al obtener el carrito seleccionado
2024-06-04T16:47:16.128Z [31merror[39m: Error al obtener el carrito seleccionado
2024-06-04T16:47:17.929Z [31merror[39m: Error al obtener el carrito seleccionado
2024-06-04T16:47:23.655Z [31merror[39m: Error al obtener el carrito seleccionado
2024-06-04T16:48:33.604Z [31merror[39m: Error al obtener el carrito seleccionado
2024-06-04T16:49:36.575Z [31merror[39m: Error al obtener el carrito seleccionado
2024-06-04T16:55:09.634Z [31merror[39m: Error al obtener el carrito seleccionado
2024-06-04T16:56:42.779Z [31merror[39m: Error al obtener el producto
2024-06-04T16:58:07.723Z [31merror[39m: Este es un mensaje error
2024-06-04T16:58:07.723Z [90mfatal[39m: Este es un mensaje fatal
2024-06-04T22:17:03.693Z [31merror[39m: Error al obtener el carrito seleccionado
2024-06-04T22:18:27.241Z [31merror[39m: Error al obtener el carrito seleccionado
2024-06-04T22:18:40.630Z [31merror[39m: Error al obtener el carrito seleccionado
undefined
undefined
undefined
2024-06-04T22:19:29.135Z [31merror[39m: Error al obtener el carrito seleccionado
2024-06-04T22:20:47.079Z [31merror[39m: Este es un mensaje error
2024-06-04T22:20:47.080Z [90mfatal[39m: Este es un mensaje fatal
